<?xml version="1.0" encoding="UTF-8"?>
<!-- Generated by org.testng.reporters.JUnitXMLReporter -->
<testsuite ignored="0" hostname="DESKTOP-9CKIDE8" failures="1" tests="1" name="Default test" time="11.607" errors="0" timestamp="2025-08-02T23:06:50 IST">
  <testcase classname="io.cucumber.testng.AbstractTestNGCucumberTests" name="runScenario" time="10.982">
    <failure type="java.lang.AssertionError" message="Products are not sorted by ratings.: Lists differ at element [0]: Classic White T-Shirt != Running Shoes expected [Classic White T-Shirt] but found [Running Shoes]">
      <![CDATA[java.lang.AssertionError: Products are not sorted by ratings.: Lists differ at element [0]: Classic White T-Shirt != Running Shoes expected [Classic White T-Shirt] but found [Running Shoes]
at org.testng.Assert.fail(Assert.java:111)
at org.testng.Assert.failNotEquals(Assert.java:1590)
at org.testng.Assert.assertEqualsImpl(Assert.java:150)
at org.testng.Assert.assertEquals(Assert.java:1656)
at StepDefination.StepDefination.products_should_be_searched_as_per_the_filter(StepDefination.java:133)
at ✽.products should be searched as per the filter(file:///C:/Users/S.NandaKumar/Selenium%20UI%20Automation/FashionHub/src/main/java/Features/ShoppingFeature.feature:42)
]]>
    </failure>
  </testcase> <!-- runScenario -->
</testsuite> <!-- Default test -->
