<?xml version="1.0" encoding="UTF-8"?>
<!-- Generated by org.testng.reporters.JUnitReportReporter -->
<testsuite hostname="DESKTOP-9CKIDE8" failures="1" tests="2" name="Runner.TestRunner" time="22.996" errors="0" timestamp="2025-08-05T00:17:15 IST" skipped="0">
  <testcase classname="Runner.TestRunner" name="runScenario" time="13.547"/>
  <system-out/>
  <testcase classname="Runner.TestRunner" name="runScenario" time="9.449">
    <failure message="Products are not sorted according to Price Low to High.: Lists differ at element [1]: 99.99 != 59.99 expected [99.99] but found [59.99]" type="java.lang.AssertionError">
      <![CDATA[java.lang.AssertionError: Products are not sorted according to Price Low to High.: Lists differ at element [1]: 99.99 != 59.99 expected [99.99] but found [59.99]
at org.testng.Assert.fail(Assert.java:99)
at org.testng.Assert.failNotEquals(Assert.java:1037)
at org.testng.Assert.assertEqualsImpl(Assert.java:140)
at org.testng.Assert.assertEquals(Assert.java:1103)
at StepDefination.StepDefination.products_should_be_searched_as_per_the_filter(StepDefination.java:107)
at ✽.products should be searched as per the filter "Nike" "Gap" "Zara"(file:///C:/Users/S.NandaKumar/Selenium%20UI%20Automation/FashionHub/src/main/java/Features/ShoppingFeature.feature:40)
]]>
    </failure>
  </testcase> <!-- runScenario -->
  <system-out/>
</testsuite> <!-- Runner.TestRunner -->
