<?xml version="1.0" encoding="UTF-8"?>
<!-- Generated by org.testng.reporters.JUnitXMLReporter -->
<testsuite ignored="0" hostname="DESKTOP-9CKIDE8" failures="1" tests="2" name="Test" time="21.473" errors="0" timestamp="2025-08-05T18:41:24 IST">
  <testcase classname="io.cucumber.testng.AbstractTestNGCucumberTests" name="runScenario" time="10.447"/>
  <testcase classname="io.cucumber.testng.AbstractTestNGCucumberTests" name="runScenario" time="10.459">
    <failure type="java.lang.AssertionError" message="Products are not sorted according to Price Low to High.: Lists differ at element [1]: 99.99 != 59.99 expected [99.99] but found [59.99]">
      <![CDATA[java.lang.AssertionError: Products are not sorted according to Price Low to High.: Lists differ at element [1]: 99.99 != 59.99 expected [99.99] but found [59.99]
at StepDefination.StepDefination.products_should_be_searched_as_per_the_filter(StepDefination.java:107)
at ✽.products should be searched as per the filter "Nike" "Gap" "Zara"(file:///C:/Users/S.NandaKumar/Selenium%20UI%20Automation/FashionHub/src/main/java/Features/ShoppingFeature.feature:40)
... Removed 4 stack frames]]>
    </failure>
  </testcase> <!-- runScenario -->
</testsuite> <!-- Test -->
